{"total": {"lines":{"total":950,"covered":649,"skipped":0,"pct":68.31},"statements":{"total":970,"covered":655,"skipped":0,"pct":67.52},"functions":{"total":229,"covered":143,"skipped":0,"pct":62.44},"branches":{"total":658,"covered":312,"skipped":0,"pct":47.41},"branchesTrue":{"total":0,"covered":0,"skipped":0,"pct":100}}
,"/Users/aszurma/Desktop/bmad/apps/mobile/src/components/themed-text.tsx": {"lines":{"total":3,"covered":3,"skipped":0,"pct":100},"functions":{"total":1,"covered":1,"skipped":0,"pct":100},"statements":{"total":3,"covered":3,"skipped":0,"pct":100},"branches":{"total":21,"covered":18,"skipped":0,"pct":85.71}}
,"/Users/aszurma/Desktop/bmad/apps/mobile/src/components/themed-view.tsx": {"lines":{"total":2,"covered":2,"skipped":0,"pct":100},"functions":{"total":1,"covered":1,"skipped":0,"pct":100},"statements":{"total":2,"covered":2,"skipped":0,"pct":100},"branches":{"total":2,"covered":2,"skipped":0,"pct":100}}
,"/Users/aszurma/Desktop/bmad/apps/mobile/src/constants/theme.ts": {"lines":{"total":5,"covered":5,"skipped":0,"pct":100},"functions":{"total":0,"covered":0,"skipped":0,"pct":100},"statements":{"total":5,"covered":5,"skipped":0,"pct":100},"branches":{"total":2,"covered":1,"skipped":0,"pct":50}}
,"/Users/aszurma/Desktop/bmad/apps/mobile/src/db/local-profile-storage.ts": {"lines":{"total":38,"covered":7,"skipped":0,"pct":18.42},"functions":{"total":10,"covered":0,"skipped":0,"pct":0},"statements":{"total":40,"covered":7,"skipped":0,"pct":17.5},"branches":{"total":40,"covered":0,"skipped":0,"pct":0}}
,"/Users/aszurma/Desktop/bmad/apps/mobile/src/db/schema.ts": {"lines":{"total":101,"covered":44,"skipped":0,"pct":43.56},"functions":{"total":26,"covered":3,"skipped":0,"pct":11.53},"statements":{"total":104,"covered":44,"skipped":0,"pct":42.3},"branches":{"total":37,"covered":3,"skipped":0,"pct":8.1}}
,"/Users/aszurma/Desktop/bmad/apps/mobile/src/features/admin-review-workflow/ReviewPublishService.ts": {"lines":{"total":28,"covered":24,"skipped":0,"pct":85.71},"functions":{"total":7,"covered":6,"skipped":0,"pct":85.71},"statements":{"total":28,"covered":24,"skipped":0,"pct":85.71},"branches":{"total":16,"covered":10,"skipped":0,"pct":62.5}}
,"/Users/aszurma/Desktop/bmad/apps/mobile/src/features/admin-task-catalog/TaskCatalogService.ts": {"lines":{"total":19,"covered":19,"skipped":0,"pct":100},"functions":{"total":4,"covered":4,"skipped":0,"pct":100},"statements":{"total":19,"covered":19,"skipped":0,"pct":100},"branches":{"total":8,"covered":7,"skipped":0,"pct":87.5}}
,"/Users/aszurma/Desktop/bmad/apps/mobile/src/features/analytics/AnalyticsService.ts": {"lines":{"total":21,"covered":19,"skipped":0,"pct":90.47},"functions":{"total":5,"covered":5,"skipped":0,"pct":100},"statements":{"total":21,"covered":19,"skipped":0,"pct":90.47},"branches":{"total":8,"covered":5,"skipped":0,"pct":62.5}}
,"/Users/aszurma/Desktop/bmad/apps/mobile/src/features/crash-reporting/CrashAlertEvaluator.ts": {"lines":{"total":5,"covered":5,"skipped":0,"pct":100},"functions":{"total":1,"covered":1,"skipped":0,"pct":100},"statements":{"total":5,"covered":5,"skipped":0,"pct":100},"branches":{"total":4,"covered":4,"skipped":0,"pct":100}}
,"/Users/aszurma/Desktop/bmad/apps/mobile/src/features/crash-reporting/CrashReportingService.ts": {"lines":{"total":50,"covered":45,"skipped":0,"pct":90},"functions":{"total":13,"covered":12,"skipped":0,"pct":92.3},"statements":{"total":50,"covered":45,"skipped":0,"pct":90},"branches":{"total":32,"covered":19,"skipped":0,"pct":59.37}}
,"/Users/aszurma/Desktop/bmad/apps/mobile/src/features/daily-roll/components/CompletionMoment.tsx": {"lines":{"total":14,"covered":12,"skipped":0,"pct":85.71},"functions":{"total":2,"covered":2,"skipped":0,"pct":100},"statements":{"total":14,"covered":12,"skipped":0,"pct":85.71},"branches":{"total":6,"covered":5,"skipped":0,"pct":83.33}}
,"/Users/aszurma/Desktop/bmad/apps/mobile/src/features/daily-roll/components/DaysPlayedCounter.tsx": {"lines":{"total":12,"covered":10,"skipped":0,"pct":83.33},"functions":{"total":2,"covered":2,"skipped":0,"pct":100},"statements":{"total":12,"covered":10,"skipped":0,"pct":83.33},"branches":{"total":8,"covered":6,"skipped":0,"pct":75}}
,"/Users/aszurma/Desktop/bmad/apps/mobile/src/features/daily-roll/components/DiceRoll.tsx": {"lines":{"total":16,"covered":12,"skipped":0,"pct":75},"functions":{"total":3,"covered":3,"skipped":0,"pct":100},"statements":{"total":16,"covered":12,"skipped":0,"pct":75},"branches":{"total":12,"covered":4,"skipped":0,"pct":33.33}}
,"/Users/aszurma/Desktop/bmad/apps/mobile/src/features/daily-roll/components/MoodPrompt.tsx": {"lines":{"total":8,"covered":8,"skipped":0,"pct":100},"functions":{"total":5,"covered":5,"skipped":0,"pct":100},"statements":{"total":8,"covered":8,"skipped":0,"pct":100},"branches":{"total":5,"covered":2,"skipped":0,"pct":40}}
,"/Users/aszurma/Desktop/bmad/apps/mobile/src/features/daily-roll/components/RerollStateIndicator.tsx": {"lines":{"total":3,"covered":3,"skipped":0,"pct":100},"functions":{"total":1,"covered":1,"skipped":0,"pct":100},"statements":{"total":3,"covered":3,"skipped":0,"pct":100},"branches":{"total":8,"covered":8,"skipped":0,"pct":100}}
,"/Users/aszurma/Desktop/bmad/apps/mobile/src/features/daily-roll/components/TaskRevealCard.tsx": {"lines":{"total":4,"covered":4,"skipped":0,"pct":100},"functions":{"total":1,"covered":1,"skipped":0,"pct":100},"statements":{"total":4,"covered":4,"skipped":0,"pct":100},"branches":{"total":2,"covered":1,"skipped":0,"pct":50}}
,"/Users/aszurma/Desktop/bmad/apps/mobile/src/features/daily-roll/hooks/use-reduced-motion.ts": {"lines":{"total":14,"covered":11,"skipped":0,"pct":78.57},"functions":{"total":6,"covered":4,"skipped":0,"pct":66.66},"statements":{"total":14,"covered":11,"skipped":0,"pct":78.57},"branches":{"total":4,"covered":1,"skipped":0,"pct":25}}
,"/Users/aszurma/Desktop/bmad/apps/mobile/src/features/engagement/InAppCampaignService.ts": {"lines":{"total":73,"covered":19,"skipped":0,"pct":26.02},"functions":{"total":22,"covered":5,"skipped":0,"pct":22.72},"statements":{"total":76,"covered":21,"skipped":0,"pct":27.63},"branches":{"total":95,"covered":27,"skipped":0,"pct":28.42}}
,"/Users/aszurma/Desktop/bmad/apps/mobile/src/features/notifications/services/NotificationPermissionService.ts": {"lines":{"total":41,"covered":8,"skipped":0,"pct":19.51},"functions":{"total":7,"covered":1,"skipped":0,"pct":14.28},"statements":{"total":41,"covered":8,"skipped":0,"pct":19.51},"branches":{"total":35,"covered":8,"skipped":0,"pct":22.85}}
,"/Users/aszurma/Desktop/bmad/apps/mobile/src/features/notifications/services/NotificationSchedulerService.ts": {"lines":{"total":40,"covered":38,"skipped":0,"pct":95},"functions":{"total":6,"covered":6,"skipped":0,"pct":100},"statements":{"total":40,"covered":38,"skipped":0,"pct":95},"branches":{"total":20,"covered":18,"skipped":0,"pct":90}}
,"/Users/aszurma/Desktop/bmad/apps/mobile/src/features/notifications/services/PushNotificationService.ts": {"lines":{"total":40,"covered":31,"skipped":0,"pct":77.5},"functions":{"total":6,"covered":6,"skipped":0,"pct":100},"statements":{"total":43,"covered":32,"skipped":0,"pct":74.41},"branches":{"total":23,"covered":11,"skipped":0,"pct":47.82}}
,"/Users/aszurma/Desktop/bmad/apps/mobile/src/features/onboarding/onboardingTapBudget.ts": {"lines":{"total":2,"covered":2,"skipped":0,"pct":100},"functions":{"total":1,"covered":1,"skipped":0,"pct":100},"statements":{"total":2,"covered":2,"skipped":0,"pct":100},"branches":{"total":0,"covered":0,"skipped":0,"pct":100}}
,"/Users/aszurma/Desktop/bmad/apps/mobile/src/features/onboarding/components/HomeRollShell.tsx": {"lines":{"total":28,"covered":23,"skipped":0,"pct":82.14},"functions":{"total":14,"covered":10,"skipped":0,"pct":71.42},"statements":{"total":28,"covered":23,"skipped":0,"pct":82.14},"branches":{"total":57,"covered":42,"skipped":0,"pct":73.68}}
,"/Users/aszurma/Desktop/bmad/apps/mobile/src/features/onboarding/components/NotificationPermissionGate.tsx": {"lines":{"total":55,"covered":49,"skipped":0,"pct":89.09},"functions":{"total":12,"covered":12,"skipped":0,"pct":100},"statements":{"total":56,"covered":50,"skipped":0,"pct":89.28},"branches":{"total":36,"covered":24,"skipped":0,"pct":66.66}}
,"/Users/aszurma/Desktop/bmad/apps/mobile/src/features/onboarding/repository/OnboardingProfileRepository.ts": {"lines":{"total":5,"covered":0,"skipped":0,"pct":0},"functions":{"total":2,"covered":0,"skipped":0,"pct":0},"statements":{"total":5,"covered":0,"skipped":0,"pct":0},"branches":{"total":0,"covered":0,"skipped":0,"pct":100}}
,"/Users/aszurma/Desktop/bmad/apps/mobile/src/features/settings/DataPrivacyService.ts": {"lines":{"total":17,"covered":16,"skipped":0,"pct":94.11},"functions":{"total":2,"covered":2,"skipped":0,"pct":100},"statements":{"total":17,"covered":16,"skipped":0,"pct":94.11},"branches":{"total":4,"covered":2,"skipped":0,"pct":50}}
,"/Users/aszurma/Desktop/bmad/apps/mobile/src/features/sync/SyncService.ts": {"lines":{"total":57,"covered":46,"skipped":0,"pct":80.7},"functions":{"total":6,"covered":4,"skipped":0,"pct":66.66},"statements":{"total":57,"covered":46,"skipped":0,"pct":80.7},"branches":{"total":28,"covered":20,"skipped":0,"pct":71.42}}
,"/Users/aszurma/Desktop/bmad/apps/mobile/src/features/task-catalog-refresh/TaskCatalogRefreshService.ts": {"lines":{"total":37,"covered":31,"skipped":0,"pct":83.78},"functions":{"total":4,"covered":4,"skipped":0,"pct":100},"statements":{"total":37,"covered":31,"skipped":0,"pct":83.78},"branches":{"total":31,"covered":17,"skipped":0,"pct":54.83}}
,"/Users/aszurma/Desktop/bmad/apps/mobile/src/hooks/use-color-scheme.ts": {"lines":{"total":0,"covered":0,"skipped":0,"pct":100},"functions":{"total":0,"covered":0,"skipped":0,"pct":100},"statements":{"total":0,"covered":0,"skipped":0,"pct":100},"branches":{"total":0,"covered":0,"skipped":0,"pct":100}}
,"/Users/aszurma/Desktop/bmad/apps/mobile/src/hooks/use-theme.ts": {"lines":{"total":3,"covered":3,"skipped":0,"pct":100},"functions":{"total":1,"covered":1,"skipped":0,"pct":100},"statements":{"total":3,"covered":3,"skipped":0,"pct":100},"branches":{"total":2,"covered":1,"skipped":0,"pct":50}}
,"/Users/aszurma/Desktop/bmad/apps/mobile/src/hooks/useConnectivityStatus.ts": {"lines":{"total":17,"covered":16,"skipped":0,"pct":94.11},"functions":{"total":5,"covered":5,"skipped":0,"pct":100},"statements":{"total":17,"covered":16,"skipped":0,"pct":94.11},"branches":{"total":14,"covered":8,"skipped":0,"pct":57.14}}
,"/Users/aszurma/Desktop/bmad/apps/mobile/src/hooks/useInAppCampaigns.ts": {"lines":{"total":48,"covered":32,"skipped":0,"pct":66.66},"functions":{"total":12,"covered":9,"skipped":0,"pct":75},"statements":{"total":49,"covered":32,"skipped":0,"pct":65.3},"branches":{"total":20,"covered":9,"skipped":0,"pct":45}}
,"/Users/aszurma/Desktop/bmad/apps/mobile/src/hooks/useReminderSettings.ts": {"lines":{"total":76,"covered":53,"skipped":0,"pct":69.73},"functions":{"total":12,"covered":10,"skipped":0,"pct":83.33},"statements":{"total":77,"covered":54,"skipped":0,"pct":70.12},"branches":{"total":34,"covered":12,"skipped":0,"pct":35.29}}
,"/Users/aszurma/Desktop/bmad/apps/mobile/src/hooks/useUserPreferences.ts": {"lines":{"total":21,"covered":18,"skipped":0,"pct":85.71},"functions":{"total":6,"covered":5,"skipped":0,"pct":83.33},"statements":{"total":21,"covered":18,"skipped":0,"pct":85.71},"branches":{"total":2,"covered":1,"skipped":0,"pct":50}}
,"/Users/aszurma/Desktop/bmad/apps/mobile/src/lib/firebase/config.ts": {"lines":{"total":1,"covered":1,"skipped":0,"pct":100},"functions":{"total":1,"covered":0,"skipped":0,"pct":0},"statements":{"total":2,"covered":1,"skipped":0,"pct":50},"branches":{"total":10,"covered":0,"skipped":0,"pct":0}}
,"/Users/aszurma/Desktop/bmad/apps/mobile/src/store/dailyRollStore.ts": {"lines":{"total":44,"covered":28,"skipped":0,"pct":63.63},"functions":{"total":21,"covered":10,"skipped":0,"pct":47.61},"statements":{"total":49,"covered":29,"skipped":0,"pct":59.18},"branches":{"total":32,"covered":16,"skipped":0,"pct":50}}
,"/Users/aszurma/Desktop/bmad/apps/mobile/test/mocks/expo-modules-core-dangerous-internal.js": {"lines":{"total":1,"covered":1,"skipped":0,"pct":100},"functions":{"total":1,"covered":1,"skipped":0,"pct":100},"statements":{"total":1,"covered":1,"skipped":0,"pct":100},"branches":{"total":0,"covered":0,"skipped":0,"pct":100}}
,"/Users/aszurma/Desktop/bmad/apps/mobile/test/mocks/styleMock.js": {"lines":{"total":1,"covered":1,"skipped":0,"pct":100},"functions":{"total":0,"covered":0,"skipped":0,"pct":100},"statements":{"total":1,"covered":1,"skipped":0,"pct":100},"branches":{"total":0,"covered":0,"skipped":0,"pct":100}}
}
